Flat profile:

Each sample counts as 0.01 seconds.
 no time accumulated

  %   cumulative   self              self     total           
 time   seconds   seconds    calls  Ts/call  Ts/call  name    
  0.00      0.00     0.00       40     0.00     0.00  __gnu_cxx::__aligned_membuf<Authenticate>::_M_ptr()
  0.00      0.00     0.00       40     0.00     0.00  __gnu_cxx::__aligned_membuf<Authenticate>::_M_addr()
  0.00      0.00     0.00       40     0.00     0.00  std::_List_node<Authenticate>::_M_valptr()
  0.00      0.00     0.00       40     0.00     0.00  Authenticate const& std::forward<Authenticate const&>(std::remove_reference<Authenticate const&>::type&)
  0.00      0.00     0.00       22     0.00     0.00  std::_List_iterator<Authenticate>::_List_iterator(std::__detail::_List_node_base*)
  0.00      0.00     0.00       21     0.00     0.00  std::__cxx11::list<Authenticate, std::allocator<Authenticate> >::end()
  0.00      0.00     0.00       20     0.00     0.00  std::_List_iterator<Authenticate>::operator->() const
  0.00      0.00     0.00       20     0.00     0.00  std::__cxx11::_List_base<Authenticate, std::allocator<Authenticate> >::_M_get_Node_allocator()
  0.00      0.00     0.00       11     0.00     0.00  Authenticate::~Authenticate()
  0.00      0.00     0.00       11     0.00     0.00  std::operator!=(std::_List_iterator<Authenticate> const&, std::_List_iterator<Authenticate> const&)
  0.00      0.00     0.00       10     0.00     0.00  Authenticate::get_admin_id[abi:cxx11]()
  0.00      0.00     0.00       10     0.00     0.00  Authenticate::get_password[abi:cxx11]()
  0.00      0.00     0.00       10     0.00     0.00  Authenticate::put_admin_id(std::__cxx11::basic_string<char, std::char_traits<char>, std::allocator<char> >)
  0.00      0.00     0.00       10     0.00     0.00  Authenticate::put_password(std::__cxx11::basic_string<char, std::char_traits<char>, std::allocator<char> >)
  0.00      0.00     0.00       10     0.00     0.00  Authenticate::Authenticate(Authenticate const&)
  0.00      0.00     0.00       10     0.00     0.00  __gnu_cxx::new_allocator<std::_List_node<Authenticate> >::deallocate(std::_List_node<Authenticate>*, unsigned long)
  0.00      0.00     0.00       10     0.00     0.00  void __gnu_cxx::new_allocator<std::_List_node<Authenticate> >::destroy<Authenticate>(Authenticate*)
  0.00      0.00     0.00       10     0.00     0.00  __gnu_cxx::new_allocator<std::_List_node<Authenticate> >::allocate(unsigned long, void const*)
  0.00      0.00     0.00       10     0.00     0.00  void __gnu_cxx::new_allocator<std::_List_node<Authenticate> >::construct<Authenticate, Authenticate const&>(Authenticate*, Authenticate const&)
  0.00      0.00     0.00       10     0.00     0.00  __gnu_cxx::new_allocator<std::_List_node<Authenticate> >::_M_max_size() const
  0.00      0.00     0.00       10     0.00     0.00  std::_List_iterator<Authenticate>::operator++(int)
  0.00      0.00     0.00       10     0.00     0.00  std::__allocated_ptr<std::allocator<std::_List_node<Authenticate> > >::__allocated_ptr(std::allocator<std::_List_node<Authenticate> >&, std::_List_node<Authenticate>*)
  0.00      0.00     0.00       10     0.00     0.00  std::__allocated_ptr<std::allocator<std::_List_node<Authenticate> > >::~__allocated_ptr()
  0.00      0.00     0.00       10     0.00     0.00  std::__allocated_ptr<std::allocator<std::_List_node<Authenticate> > >::operator=(decltype(nullptr))
  0.00      0.00     0.00       10     0.00     0.00  std::allocator_traits<std::allocator<std::_List_node<Authenticate> > >::deallocate(std::allocator<std::_List_node<Authenticate> >&, std::_List_node<Authenticate>*, unsigned long)
  0.00      0.00     0.00       10     0.00     0.00  void std::allocator_traits<std::allocator<std::_List_node<Authenticate> > >::destroy<Authenticate>(std::allocator<std::_List_node<Authenticate> >&, Authenticate*)
  0.00      0.00     0.00       10     0.00     0.00  std::allocator_traits<std::allocator<std::_List_node<Authenticate> > >::allocate(std::allocator<std::_List_node<Authenticate> >&, unsigned long)
  0.00      0.00     0.00       10     0.00     0.00  void std::allocator_traits<std::allocator<std::_List_node<Authenticate> > >::construct<Authenticate, Authenticate const&>(std::allocator<std::_List_node<Authenticate> >&, Authenticate*, Authenticate const&)
  0.00      0.00     0.00       10     0.00     0.00  std::__cxx11::_List_base<Authenticate, std::allocator<Authenticate> >::_M_get_node()
  0.00      0.00     0.00       10     0.00     0.00  std::__cxx11::_List_base<Authenticate, std::allocator<Authenticate> >::_M_inc_size(unsigned long)
  0.00      0.00     0.00       10     0.00     0.00  std::__cxx11::_List_base<Authenticate, std::allocator<Authenticate> >::_M_put_node(std::_List_node<Authenticate>*)
  0.00      0.00     0.00       10     0.00     0.00  std::_List_node<Authenticate>* std::__cxx11::list<Authenticate, std::allocator<Authenticate> >::_M_create_node<Authenticate const&>(Authenticate const&)
  0.00      0.00     0.00       10     0.00     0.00  void std::__cxx11::list<Authenticate, std::allocator<Authenticate> >::_M_insert<Authenticate const&>(std::_List_iterator<Authenticate>, Authenticate const&)
  0.00      0.00     0.00       10     0.00     0.00  std::__cxx11::list<Authenticate, std::allocator<Authenticate> >::push_back(Authenticate const&)
  0.00      0.00     0.00       10     0.00     0.00  std::allocator<std::_List_node<Authenticate> >* std::__addressof<std::allocator<std::_List_node<Authenticate> > >(std::allocator<std::_List_node<Authenticate> >&)
  0.00      0.00     0.00       10     0.00     0.00  operator new(unsigned long, void*)
  0.00      0.00     0.00        3     0.00     0.00  int __gnu_cxx::__stoa<long, int, char, int>(long (*)(char const*, char**, int), char const*, char const*, unsigned long*, int)
  0.00      0.00     0.00        3     0.00     0.00  std::__cxx11::stoi(std::__cxx11::basic_string<char, std::char_traits<char>, std::allocator<char> > const&, unsigned long*, int)
  0.00      0.00     0.00        3     0.00     0.00  __gnu_cxx::__stoa<long, int, char, int>(long (*)(char const*, char**, int), char const*, char const*, unsigned long*, int)::_Range_chk::_S_chk(long, std::integral_constant<bool, true>)
  0.00      0.00     0.00        3     0.00     0.00  __gnu_cxx::__stoa<long, int, char, int>(long (*)(char const*, char**, int), char const*, char const*, unsigned long*, int)::_Save_errno::_Save_errno()
  0.00      0.00     0.00        3     0.00     0.00  __gnu_cxx::__stoa<long, int, char, int>(long (*)(char const*, char**, int), char const*, char const*, unsigned long*, int)::_Save_errno::~_Save_errno()
  0.00      0.00     0.00        2     0.00     0.00  std::__detail::_List_node_header::_M_init()
  0.00      0.00     0.00        2     0.00     0.00  std::__detail::_List_node_header::_List_node_header()
  0.00      0.00     0.00        1     0.00     0.00  file_to_list()
  0.00      0.00     0.00        1     0.00     0.00  list_to_file()
  0.00      0.00     0.00        1     0.00     0.00  __static_initialization_and_destruction_0(int, int)
  0.00      0.00     0.00        1     0.00     0.00  Authenticate::Authenticate()
  0.00      0.00     0.00        1     0.00     0.00  __gnu_cxx::new_allocator<std::_List_node<Authenticate> >::new_allocator()
  0.00      0.00     0.00        1     0.00     0.00  __gnu_cxx::new_allocator<std::_List_node<Authenticate> >::~new_allocator()
  0.00      0.00     0.00        1     0.00     0.00  __gnu_cxx::new_allocator<std::_List_node<Citizen> >::new_allocator()
  0.00      0.00     0.00        1     0.00     0.00  __gnu_cxx::new_allocator<std::_List_node<Citizen> >::~new_allocator()
  0.00      0.00     0.00        1     0.00     0.00  bool __gnu_cxx::__is_null_pointer<char const>(char const*)
  0.00      0.00     0.00        1     0.00     0.00  std::__cxx11::list<Authenticate, std::allocator<Authenticate> >::empty() const
  0.00      0.00     0.00        1     0.00     0.00  std::__cxx11::list<Citizen, std::allocator<Citizen> >::empty() const
  0.00      0.00     0.00        1     0.00     0.00  std::allocator<std::_List_node<Authenticate> >::allocator()
  0.00      0.00     0.00        1     0.00     0.00  std::allocator<std::_List_node<Authenticate> >::~allocator()
  0.00      0.00     0.00        1     0.00     0.00  std::allocator<std::_List_node<Citizen> >::allocator()
  0.00      0.00     0.00        1     0.00     0.00  std::allocator<std::_List_node<Citizen> >::~allocator()
  0.00      0.00     0.00        1     0.00     0.00  std::char_traits<char>::length(char const*)
  0.00      0.00     0.00        1     0.00     0.00  std::__cxx11::_List_base<Authenticate, std::allocator<Authenticate> >::_List_impl::_List_impl()
  0.00      0.00     0.00        1     0.00     0.00  std::__cxx11::_List_base<Authenticate, std::allocator<Authenticate> >::_List_impl::~_List_impl()
  0.00      0.00     0.00        1     0.00     0.00  std::__cxx11::_List_base<Authenticate, std::allocator<Authenticate> >::_M_clear()
  0.00      0.00     0.00        1     0.00     0.00  std::__cxx11::_List_base<Authenticate, std::allocator<Authenticate> >::_List_base()
  0.00      0.00     0.00        1     0.00     0.00  std::__cxx11::_List_base<Authenticate, std::allocator<Authenticate> >::~_List_base()
  0.00      0.00     0.00        1     0.00     0.00  std::__cxx11::_List_base<Citizen, std::allocator<Citizen> >::_List_impl::_List_impl()
  0.00      0.00     0.00        1     0.00     0.00  std::__cxx11::_List_base<Citizen, std::allocator<Citizen> >::_List_impl::~_List_impl()
  0.00      0.00     0.00        1     0.00     0.00  std::__cxx11::_List_base<Citizen, std::allocator<Citizen> >::_M_clear()
  0.00      0.00     0.00        1     0.00     0.00  std::__cxx11::_List_base<Citizen, std::allocator<Citizen> >::_List_base()
  0.00      0.00     0.00        1     0.00     0.00  std::__cxx11::_List_base<Citizen, std::allocator<Citizen> >::~_List_base()
  0.00      0.00     0.00        1     0.00     0.00  void std::__cxx11::basic_string<char, std::char_traits<char>, std::allocator<char> >::_M_construct<char const*>(char const*, char const*, std::forward_iterator_tag)
  0.00      0.00     0.00        1     0.00     0.00  std::__cxx11::basic_string<char, std::char_traits<char>, std::allocator<char> >::basic_string<std::allocator<char> >(char const*, std::allocator<char> const&)
  0.00      0.00     0.00        1     0.00     0.00  std::__cxx11::list<Authenticate, std::allocator<Authenticate> >::begin()
  0.00      0.00     0.00        1     0.00     0.00  std::__cxx11::list<Authenticate, std::allocator<Authenticate> >::list()
  0.00      0.00     0.00        1     0.00     0.00  std::__cxx11::list<Citizen, std::allocator<Citizen> >::list()
  0.00      0.00     0.00        1     0.00     0.00  std::iterator_traits<char const*>::difference_type std::__distance<char const*>(char const*, char const*, std::random_access_iterator_tag)
  0.00      0.00     0.00        1     0.00     0.00  std::iterator_traits<char const*>::iterator_category std::__iterator_category<char const*>(char const* const&)
  0.00      0.00     0.00        1     0.00     0.00  std::iterator_traits<char const*>::difference_type std::distance<char const*>(char const*, char const*)
  0.00      0.00     0.00        1     0.00     0.00  bool std::operator==<char, std::char_traits<char>, std::allocator<char> >(std::__cxx11::basic_string<char, std::char_traits<char>, std::allocator<char> > const&, char const*)
  0.00      0.00     0.00        1     0.00     0.00  bool std::operator!=<char, std::char_traits<char>, std::allocator<char> >(std::__cxx11::basic_string<char, std::char_traits<char>, std::allocator<char> > const&, char const*)

			Call graph


granularity: each sample hit covers 4 byte(s) no time propagated

index % time    self  children    called     name
                0.00    0.00      40/40          std::_List_node<Authenticate>::_M_valptr() [10]
[8]      0.0    0.00    0.00      40         __gnu_cxx::__aligned_membuf<Authenticate>::_M_ptr() [8]
                0.00    0.00      40/40          __gnu_cxx::__aligned_membuf<Authenticate>::_M_addr() [9]
-----------------------------------------------
                0.00    0.00      40/40          __gnu_cxx::__aligned_membuf<Authenticate>::_M_ptr() [8]
[9]      0.0    0.00    0.00      40         __gnu_cxx::__aligned_membuf<Authenticate>::_M_addr() [9]
-----------------------------------------------
                0.00    0.00      10/40          std::__cxx11::_List_base<Authenticate, std::allocator<Authenticate> >::_M_clear() [69]
                0.00    0.00      10/40          std::_List_node<Authenticate>* std::__cxx11::list<Authenticate, std::allocator<Authenticate> >::_M_create_node<Authenticate const&>(Authenticate const&) [39]
                0.00    0.00      20/40          std::_List_iterator<Authenticate>::operator->() const [14]
[10]     0.0    0.00    0.00      40         std::_List_node<Authenticate>::_M_valptr() [10]
                0.00    0.00      40/40          __gnu_cxx::__aligned_membuf<Authenticate>::_M_ptr() [8]
-----------------------------------------------
                0.00    0.00      10/40          void std::__cxx11::list<Authenticate, std::allocator<Authenticate> >::_M_insert<Authenticate const&>(std::_List_iterator<Authenticate>, Authenticate const&) [40]
                0.00    0.00      10/40          std::_List_node<Authenticate>* std::__cxx11::list<Authenticate, std::allocator<Authenticate> >::_M_create_node<Authenticate const&>(Authenticate const&) [39]
                0.00    0.00      10/40          void std::allocator_traits<std::allocator<std::_List_node<Authenticate> > >::construct<Authenticate, Authenticate const&>(std::allocator<std::_List_node<Authenticate> >&, Authenticate*, Authenticate const&) [35]
                0.00    0.00      10/40          void __gnu_cxx::new_allocator<std::_List_node<Authenticate> >::construct<Authenticate, Authenticate const&>(Authenticate*, Authenticate const&) [26]
[11]     0.0    0.00    0.00      40         Authenticate const& std::forward<Authenticate const&>(std::remove_reference<Authenticate const&>::type&) [11]
-----------------------------------------------
                0.00    0.00       1/22          std::__cxx11::list<Authenticate, std::allocator<Authenticate> >::begin() [79]
                0.00    0.00      21/22          std::__cxx11::list<Authenticate, std::allocator<Authenticate> >::end() [13]
[12]     0.0    0.00    0.00      22         std::_List_iterator<Authenticate>::_List_iterator(std::__detail::_List_node_base*) [12]
-----------------------------------------------
                0.00    0.00      10/21          std::__cxx11::list<Authenticate, std::allocator<Authenticate> >::push_back(Authenticate const&) [41]
                0.00    0.00      11/21          list_to_file() [52]
[13]     0.0    0.00    0.00      21         std::__cxx11::list<Authenticate, std::allocator<Authenticate> >::end() [13]
                0.00    0.00      21/22          std::_List_iterator<Authenticate>::_List_iterator(std::__detail::_List_node_base*) [12]
-----------------------------------------------
                0.00    0.00      20/20          list_to_file() [52]
[14]     0.0    0.00    0.00      20         std::_List_iterator<Authenticate>::operator->() const [14]
                0.00    0.00      20/40          std::_List_node<Authenticate>::_M_valptr() [10]
-----------------------------------------------
                0.00    0.00      10/20          std::__cxx11::_List_base<Authenticate, std::allocator<Authenticate> >::_M_clear() [69]
                0.00    0.00      10/20          std::_List_node<Authenticate>* std::__cxx11::list<Authenticate, std::allocator<Authenticate> >::_M_create_node<Authenticate const&>(Authenticate const&) [39]
[15]     0.0    0.00    0.00      20         std::__cxx11::_List_base<Authenticate, std::allocator<Authenticate> >::_M_get_Node_allocator() [15]
-----------------------------------------------
                0.00    0.00       1/11          file_to_list() [51]
                0.00    0.00      10/11          void __gnu_cxx::new_allocator<std::_List_node<Authenticate> >::destroy<Authenticate>(Authenticate*) [24]
[16]     0.0    0.00    0.00      11         Authenticate::~Authenticate() [16]
-----------------------------------------------
                0.00    0.00      11/11          list_to_file() [52]
[17]     0.0    0.00    0.00      11         std::operator!=(std::_List_iterator<Authenticate> const&, std::_List_iterator<Authenticate> const&) [17]
-----------------------------------------------
                0.00    0.00      10/10          list_to_file() [52]
[18]     0.0    0.00    0.00      10         Authenticate::get_admin_id[abi:cxx11]() [18]
-----------------------------------------------
                0.00    0.00      10/10          list_to_file() [52]
[19]     0.0    0.00    0.00      10         Authenticate::get_password[abi:cxx11]() [19]
-----------------------------------------------
                0.00    0.00      10/10          file_to_list() [51]
[20]     0.0    0.00    0.00      10         Authenticate::put_admin_id(std::__cxx11::basic_string<char, std::char_traits<char>, std::allocator<char> >) [20]
-----------------------------------------------
                0.00    0.00      10/10          file_to_list() [51]
[21]     0.0    0.00    0.00      10         Authenticate::put_password(std::__cxx11::basic_string<char, std::char_traits<char>, std::allocator<char> >) [21]
-----------------------------------------------
                0.00    0.00      10/10          void __gnu_cxx::new_allocator<std::_List_node<Authenticate> >::construct<Authenticate, Authenticate const&>(Authenticate*, Authenticate const&) [26]
[22]     0.0    0.00    0.00      10         Authenticate::Authenticate(Authenticate const&) [22]
-----------------------------------------------
                0.00    0.00      10/10          std::allocator_traits<std::allocator<std::_List_node<Authenticate> > >::deallocate(std::allocator<std::_List_node<Authenticate> >&, std::_List_node<Authenticate>*, unsigned long) [32]
[23]     0.0    0.00    0.00      10         __gnu_cxx::new_allocator<std::_List_node<Authenticate> >::deallocate(std::_List_node<Authenticate>*, unsigned long) [23]
-----------------------------------------------
                0.00    0.00      10/10          void std::allocator_traits<std::allocator<std::_List_node<Authenticate> > >::destroy<Authenticate>(std::allocator<std::_List_node<Authenticate> >&, Authenticate*) [33]
[24]     0.0    0.00    0.00      10         void __gnu_cxx::new_allocator<std::_List_node<Authenticate> >::destroy<Authenticate>(Authenticate*) [24]
                0.00    0.00      10/11          Authenticate::~Authenticate() [16]
-----------------------------------------------
                0.00    0.00      10/10          std::allocator_traits<std::allocator<std::_List_node<Authenticate> > >::allocate(std::allocator<std::_List_node<Authenticate> >&, unsigned long) [34]
[25]     0.0    0.00    0.00      10         __gnu_cxx::new_allocator<std::_List_node<Authenticate> >::allocate(unsigned long, void const*) [25]
                0.00    0.00      10/10          __gnu_cxx::new_allocator<std::_List_node<Authenticate> >::_M_max_size() const [27]
-----------------------------------------------
                0.00    0.00      10/10          void std::allocator_traits<std::allocator<std::_List_node<Authenticate> > >::construct<Authenticate, Authenticate const&>(std::allocator<std::_List_node<Authenticate> >&, Authenticate*, Authenticate const&) [35]
[26]     0.0    0.00    0.00      10         void __gnu_cxx::new_allocator<std::_List_node<Authenticate> >::construct<Authenticate, Authenticate const&>(Authenticate*, Authenticate const&) [26]
                0.00    0.00      10/40          Authenticate const& std::forward<Authenticate const&>(std::remove_reference<Authenticate const&>::type&) [11]
                0.00    0.00      10/10          operator new(unsigned long, void*) [43]
                0.00    0.00      10/10          Authenticate::Authenticate(Authenticate const&) [22]
-----------------------------------------------
                0.00    0.00      10/10          __gnu_cxx::new_allocator<std::_List_node<Authenticate> >::allocate(unsigned long, void const*) [25]
[27]     0.0    0.00    0.00      10         __gnu_cxx::new_allocator<std::_List_node<Authenticate> >::_M_max_size() const [27]
-----------------------------------------------
                0.00    0.00      10/10          list_to_file() [52]
[28]     0.0    0.00    0.00      10         std::_List_iterator<Authenticate>::operator++(int) [28]
-----------------------------------------------
                0.00    0.00      10/10          std::_List_node<Authenticate>* std::__cxx11::list<Authenticate, std::allocator<Authenticate> >::_M_create_node<Authenticate const&>(Authenticate const&) [39]
[29]     0.0    0.00    0.00      10         std::__allocated_ptr<std::allocator<std::_List_node<Authenticate> > >::__allocated_ptr(std::allocator<std::_List_node<Authenticate> >&, std::_List_node<Authenticate>*) [29]
                0.00    0.00      10/10          std::allocator<std::_List_node<Authenticate> >* std::__addressof<std::allocator<std::_List_node<Authenticate> > >(std::allocator<std::_List_node<Authenticate> >&) [42]
-----------------------------------------------
                0.00    0.00      10/10          std::_List_node<Authenticate>* std::__cxx11::list<Authenticate, std::allocator<Authenticate> >::_M_create_node<Authenticate const&>(Authenticate const&) [39]
[30]     0.0    0.00    0.00      10         std::__allocated_ptr<std::allocator<std::_List_node<Authenticate> > >::~__allocated_ptr() [30]
-----------------------------------------------
                0.00    0.00      10/10          std::_List_node<Authenticate>* std::__cxx11::list<Authenticate, std::allocator<Authenticate> >::_M_create_node<Authenticate const&>(Authenticate const&) [39]
[31]     0.0    0.00    0.00      10         std::__allocated_ptr<std::allocator<std::_List_node<Authenticate> > >::operator=(decltype(nullptr)) [31]
-----------------------------------------------
                0.00    0.00      10/10          std::__cxx11::_List_base<Authenticate, std::allocator<Authenticate> >::_M_put_node(std::_List_node<Authenticate>*) [38]
[32]     0.0    0.00    0.00      10         std::allocator_traits<std::allocator<std::_List_node<Authenticate> > >::deallocate(std::allocator<std::_List_node<Authenticate> >&, std::_List_node<Authenticate>*, unsigned long) [32]
                0.00    0.00      10/10          __gnu_cxx::new_allocator<std::_List_node<Authenticate> >::deallocate(std::_List_node<Authenticate>*, unsigned long) [23]
-----------------------------------------------
                0.00    0.00      10/10          std::__cxx11::_List_base<Authenticate, std::allocator<Authenticate> >::_M_clear() [69]
[33]     0.0    0.00    0.00      10         void std::allocator_traits<std::allocator<std::_List_node<Authenticate> > >::destroy<Authenticate>(std::allocator<std::_List_node<Authenticate> >&, Authenticate*) [33]
                0.00    0.00      10/10          void __gnu_cxx::new_allocator<std::_List_node<Authenticate> >::destroy<Authenticate>(Authenticate*) [24]
-----------------------------------------------
                0.00    0.00      10/10          std::__cxx11::_List_base<Authenticate, std::allocator<Authenticate> >::_M_get_node() [36]
[34]     0.0    0.00    0.00      10         std::allocator_traits<std::allocator<std::_List_node<Authenticate> > >::allocate(std::allocator<std::_List_node<Authenticate> >&, unsigned long) [34]
                0.00    0.00      10/10          __gnu_cxx::new_allocator<std::_List_node<Authenticate> >::allocate(unsigned long, void const*) [25]
-----------------------------------------------
                0.00    0.00      10/10          std::_List_node<Authenticate>* std::__cxx11::list<Authenticate, std::allocator<Authenticate> >::_M_create_node<Authenticate const&>(Authenticate const&) [39]
[35]     0.0    0.00    0.00      10         void std::allocator_traits<std::allocator<std::_List_node<Authenticate> > >::construct<Authenticate, Authenticate const&>(std::allocator<std::_List_node<Authenticate> >&, Authenticate*, Authenticate const&) [35]
                0.00    0.00      10/40          Authenticate const& std::forward<Authenticate const&>(std::remove_reference<Authenticate const&>::type&) [11]
                0.00    0.00      10/10          void __gnu_cxx::new_allocator<std::_List_node<Authenticate> >::construct<Authenticate, Authenticate const&>(Authenticate*, Authenticate const&) [26]
-----------------------------------------------
                0.00    0.00      10/10          std::_List_node<Authenticate>* std::__cxx11::list<Authenticate, std::allocator<Authenticate> >::_M_create_node<Authenticate const&>(Authenticate const&) [39]
[36]     0.0    0.00    0.00      10         std::__cxx11::_List_base<Authenticate, std::allocator<Authenticate> >::_M_get_node() [36]
                0.00    0.00      10/10          std::allocator_traits<std::allocator<std::_List_node<Authenticate> > >::allocate(std::allocator<std::_List_node<Authenticate> >&, unsigned long) [34]
-----------------------------------------------
                0.00    0.00      10/10          void std::__cxx11::list<Authenticate, std::allocator<Authenticate> >::_M_insert<Authenticate const&>(std::_List_iterator<Authenticate>, Authenticate const&) [40]
[37]     0.0    0.00    0.00      10         std::__cxx11::_List_base<Authenticate, std::allocator<Authenticate> >::_M_inc_size(unsigned long) [37]
-----------------------------------------------
                0.00    0.00      10/10          std::__cxx11::_List_base<Authenticate, std::allocator<Authenticate> >::_M_clear() [69]
[38]     0.0    0.00    0.00      10         std::__cxx11::_List_base<Authenticate, std::allocator<Authenticate> >::_M_put_node(std::_List_node<Authenticate>*) [38]
                0.00    0.00      10/10          std::allocator_traits<std::allocator<std::_List_node<Authenticate> > >::deallocate(std::allocator<std::_List_node<Authenticate> >&, std::_List_node<Authenticate>*, unsigned long) [32]
-----------------------------------------------
                0.00    0.00      10/10          void std::__cxx11::list<Authenticate, std::allocator<Authenticate> >::_M_insert<Authenticate const&>(std::_List_iterator<Authenticate>, Authenticate const&) [40]
[39]     0.0    0.00    0.00      10         std::_List_node<Authenticate>* std::__cxx11::list<Authenticate, std::allocator<Authenticate> >::_M_create_node<Authenticate const&>(Authenticate const&) [39]
                0.00    0.00      10/10          std::__cxx11::_List_base<Authenticate, std::allocator<Authenticate> >::_M_get_node() [36]
                0.00    0.00      10/20          std::__cxx11::_List_base<Authenticate, std::allocator<Authenticate> >::_M_get_Node_allocator() [15]
                0.00    0.00      10/10          std::__allocated_ptr<std::allocator<std::_List_node<Authenticate> > >::__allocated_ptr(std::allocator<std::_List_node<Authenticate> >&, std::_List_node<Authenticate>*) [29]
                0.00    0.00      10/40          Authenticate const& std::forward<Authenticate const&>(std::remove_reference<Authenticate const&>::type&) [11]
                0.00    0.00      10/40          std::_List_node<Authenticate>::_M_valptr() [10]
                0.00    0.00      10/10          void std::allocator_traits<std::allocator<std::_List_node<Authenticate> > >::construct<Authenticate, Authenticate const&>(std::allocator<std::_List_node<Authenticate> >&, Authenticate*, Authenticate const&) [35]
                0.00    0.00      10/10          std::__allocated_ptr<std::allocator<std::_List_node<Authenticate> > >::operator=(decltype(nullptr)) [31]
                0.00    0.00      10/10          std::__allocated_ptr<std::allocator<std::_List_node<Authenticate> > >::~__allocated_ptr() [30]
-----------------------------------------------
                0.00    0.00      10/10          std::__cxx11::list<Authenticate, std::allocator<Authenticate> >::push_back(Authenticate const&) [41]
[40]     0.0    0.00    0.00      10         void std::__cxx11::list<Authenticate, std::allocator<Authenticate> >::_M_insert<Authenticate const&>(std::_List_iterator<Authenticate>, Authenticate const&) [40]
                0.00    0.00      10/40          Authenticate const& std::forward<Authenticate const&>(std::remove_reference<Authenticate const&>::type&) [11]
                0.00    0.00      10/10          std::_List_node<Authenticate>* std::__cxx11::list<Authenticate, std::allocator<Authenticate> >::_M_create_node<Authenticate const&>(Authenticate const&) [39]
                0.00    0.00      10/10          std::__cxx11::_List_base<Authenticate, std::allocator<Authenticate> >::_M_inc_size(unsigned long) [37]
-----------------------------------------------
                0.00    0.00      10/10          file_to_list() [51]
[41]     0.0    0.00    0.00      10         std::__cxx11::list<Authenticate, std::allocator<Authenticate> >::push_back(Authenticate const&) [41]
                0.00    0.00      10/21          std::__cxx11::list<Authenticate, std::allocator<Authenticate> >::end() [13]
                0.00    0.00      10/10          void std::__cxx11::list<Authenticate, std::allocator<Authenticate> >::_M_insert<Authenticate const&>(std::_List_iterator<Authenticate>, Authenticate const&) [40]
-----------------------------------------------
                0.00    0.00      10/10          std::__allocated_ptr<std::allocator<std::_List_node<Authenticate> > >::__allocated_ptr(std::allocator<std::_List_node<Authenticate> >&, std::_List_node<Authenticate>*) [29]
[42]     0.0    0.00    0.00      10         std::allocator<std::_List_node<Authenticate> >* std::__addressof<std::allocator<std::_List_node<Authenticate> > >(std::allocator<std::_List_node<Authenticate> >&) [42]
-----------------------------------------------
                0.00    0.00      10/10          void __gnu_cxx::new_allocator<std::_List_node<Authenticate> >::construct<Authenticate, Authenticate const&>(Authenticate*, Authenticate const&) [26]
[43]     0.0    0.00    0.00      10         operator new(unsigned long, void*) [43]
-----------------------------------------------
                0.00    0.00       3/3           std::__cxx11::stoi(std::__cxx11::basic_string<char, std::char_traits<char>, std::allocator<char> > const&, unsigned long*, int) [45]
[44]     0.0    0.00    0.00       3         int __gnu_cxx::__stoa<long, int, char, int>(long (*)(char const*, char**, int), char const*, char const*, unsigned long*, int) [44]
                0.00    0.00       3/3           __gnu_cxx::__stoa<long, int, char, int>(long (*)(char const*, char**, int), char const*, char const*, unsigned long*, int)::_Save_errno::_Save_errno() [47]
                0.00    0.00       3/3           __gnu_cxx::__stoa<long, int, char, int>(long (*)(char const*, char**, int), char const*, char const*, unsigned long*, int)::_Range_chk::_S_chk(long, std::integral_constant<bool, true>) [46]
                0.00    0.00       3/3           __gnu_cxx::__stoa<long, int, char, int>(long (*)(char const*, char**, int), char const*, char const*, unsigned long*, int)::_Save_errno::~_Save_errno() [48]
-----------------------------------------------
                0.00    0.00       3/3           main [6]
[45]     0.0    0.00    0.00       3         std::__cxx11::stoi(std::__cxx11::basic_string<char, std::char_traits<char>, std::allocator<char> > const&, unsigned long*, int) [45]
                0.00    0.00       3/3           int __gnu_cxx::__stoa<long, int, char, int>(long (*)(char const*, char**, int), char const*, char const*, unsigned long*, int) [44]
-----------------------------------------------
                0.00    0.00       3/3           int __gnu_cxx::__stoa<long, int, char, int>(long (*)(char const*, char**, int), char const*, char const*, unsigned long*, int) [44]
[46]     0.0    0.00    0.00       3         __gnu_cxx::__stoa<long, int, char, int>(long (*)(char const*, char**, int), char const*, char const*, unsigned long*, int)::_Range_chk::_S_chk(long, std::integral_constant<bool, true>) [46]
-----------------------------------------------
                0.00    0.00       3/3           int __gnu_cxx::__stoa<long, int, char, int>(long (*)(char const*, char**, int), char const*, char const*, unsigned long*, int) [44]
[47]     0.0    0.00    0.00       3         __gnu_cxx::__stoa<long, int, char, int>(long (*)(char const*, char**, int), char const*, char const*, unsigned long*, int)::_Save_errno::_Save_errno() [47]
-----------------------------------------------
                0.00    0.00       3/3           int __gnu_cxx::__stoa<long, int, char, int>(long (*)(char const*, char**, int), char const*, char const*, unsigned long*, int) [44]
[48]     0.0    0.00    0.00       3         __gnu_cxx::__stoa<long, int, char, int>(long (*)(char const*, char**, int), char const*, char const*, unsigned long*, int)::_Save_errno::~_Save_errno() [48]
-----------------------------------------------
                0.00    0.00       2/2           std::__detail::_List_node_header::_List_node_header() [50]
[49]     0.0    0.00    0.00       2         std::__detail::_List_node_header::_M_init() [49]
-----------------------------------------------
                0.00    0.00       1/2           std::__cxx11::_List_base<Citizen, std::allocator<Citizen> >::_List_impl::_List_impl() [72]
                0.00    0.00       1/2           std::__cxx11::_List_base<Authenticate, std::allocator<Authenticate> >::_List_impl::_List_impl() [67]
[50]     0.0    0.00    0.00       2         std::__detail::_List_node_header::_List_node_header() [50]
                0.00    0.00       2/2           std::__detail::_List_node_header::_M_init() [49]
-----------------------------------------------
                0.00    0.00       1/1           main [6]
[51]     0.0    0.00    0.00       1         file_to_list() [51]
                0.00    0.00      10/10          Authenticate::put_admin_id(std::__cxx11::basic_string<char, std::char_traits<char>, std::allocator<char> >) [20]
                0.00    0.00      10/10          Authenticate::put_password(std::__cxx11::basic_string<char, std::char_traits<char>, std::allocator<char> >) [21]
                0.00    0.00      10/10          std::__cxx11::list<Authenticate, std::allocator<Authenticate> >::push_back(Authenticate const&) [41]
                0.00    0.00       1/1           Authenticate::Authenticate() [54]
                0.00    0.00       1/11          Authenticate::~Authenticate() [16]
-----------------------------------------------
                0.00    0.00       1/1           main [6]
[52]     0.0    0.00    0.00       1         list_to_file() [52]
                0.00    0.00      20/20          std::_List_iterator<Authenticate>::operator->() const [14]
                0.00    0.00      11/21          std::__cxx11::list<Authenticate, std::allocator<Authenticate> >::end() [13]
                0.00    0.00      11/11          std::operator!=(std::_List_iterator<Authenticate> const&, std::_List_iterator<Authenticate> const&) [17]
                0.00    0.00      10/10          Authenticate::get_admin_id[abi:cxx11]() [18]
                0.00    0.00      10/10          Authenticate::get_password[abi:cxx11]() [19]
                0.00    0.00      10/10          std::_List_iterator<Authenticate>::operator++(int) [28]
                0.00    0.00       1/1           std::__cxx11::list<Authenticate, std::allocator<Authenticate> >::empty() const [60]
                0.00    0.00       1/1           std::__cxx11::list<Authenticate, std::allocator<Authenticate> >::begin() [79]
                0.00    0.00       1/1           std::__cxx11::list<Citizen, std::allocator<Citizen> >::empty() const [61]
-----------------------------------------------
                0.00    0.00       1/1           _GLOBAL__sub_I__Z2liB5cxx11 [87]
[53]     0.0    0.00    0.00       1         __static_initialization_and_destruction_0(int, int) [53]
                0.00    0.00       1/1           std::__cxx11::list<Citizen, std::allocator<Citizen> >::list() [81]
                0.00    0.00       1/1           std::__cxx11::list<Authenticate, std::allocator<Authenticate> >::list() [80]
-----------------------------------------------
                0.00    0.00       1/1           file_to_list() [51]
[54]     0.0    0.00    0.00       1         Authenticate::Authenticate() [54]
-----------------------------------------------
                0.00    0.00       1/1           std::allocator<std::_List_node<Authenticate> >::allocator() [62]
[55]     0.0    0.00    0.00       1         __gnu_cxx::new_allocator<std::_List_node<Authenticate> >::new_allocator() [55]
-----------------------------------------------
                0.00    0.00       1/1           std::allocator<std::_List_node<Authenticate> >::~allocator() [63]
[56]     0.0    0.00    0.00       1         __gnu_cxx::new_allocator<std::_List_node<Authenticate> >::~new_allocator() [56]
-----------------------------------------------
                0.00    0.00       1/1           std::allocator<std::_List_node<Citizen> >::allocator() [64]
[57]     0.0    0.00    0.00       1         __gnu_cxx::new_allocator<std::_List_node<Citizen> >::new_allocator() [57]
-----------------------------------------------
                0.00    0.00       1/1           std::allocator<std::_List_node<Citizen> >::~allocator() [65]
[58]     0.0    0.00    0.00       1         __gnu_cxx::new_allocator<std::_List_node<Citizen> >::~new_allocator() [58]
-----------------------------------------------
                0.00    0.00       1/1           void std::__cxx11::basic_string<char, std::char_traits<char>, std::allocator<char> >::_M_construct<char const*>(char const*, char const*, std::forward_iterator_tag) [77]
[59]     0.0    0.00    0.00       1         bool __gnu_cxx::__is_null_pointer<char const>(char const*) [59]
-----------------------------------------------
                0.00    0.00       1/1           list_to_file() [52]
[60]     0.0    0.00    0.00       1         std::__cxx11::list<Authenticate, std::allocator<Authenticate> >::empty() const [60]
-----------------------------------------------
                0.00    0.00       1/1           list_to_file() [52]
[61]     0.0    0.00    0.00       1         std::__cxx11::list<Citizen, std::allocator<Citizen> >::empty() const [61]
-----------------------------------------------
                0.00    0.00       1/1           std::__cxx11::_List_base<Authenticate, std::allocator<Authenticate> >::_List_impl::_List_impl() [67]
[62]     0.0    0.00    0.00       1         std::allocator<std::_List_node<Authenticate> >::allocator() [62]
                0.00    0.00       1/1           __gnu_cxx::new_allocator<std::_List_node<Authenticate> >::new_allocator() [55]
-----------------------------------------------
                0.00    0.00       1/1           std::__cxx11::_List_base<Authenticate, std::allocator<Authenticate> >::_List_impl::~_List_impl() [68]
[63]     0.0    0.00    0.00       1         std::allocator<std::_List_node<Authenticate> >::~allocator() [63]
                0.00    0.00       1/1           __gnu_cxx::new_allocator<std::_List_node<Authenticate> >::~new_allocator() [56]
-----------------------------------------------
                0.00    0.00       1/1           std::__cxx11::_List_base<Citizen, std::allocator<Citizen> >::_List_impl::_List_impl() [72]
[64]     0.0    0.00    0.00       1         std::allocator<std::_List_node<Citizen> >::allocator() [64]
                0.00    0.00       1/1           __gnu_cxx::new_allocator<std::_List_node<Citizen> >::new_allocator() [57]
-----------------------------------------------
                0.00    0.00       1/1           std::__cxx11::_List_base<Citizen, std::allocator<Citizen> >::_List_impl::~_List_impl() [73]
[65]     0.0    0.00    0.00       1         std::allocator<std::_List_node<Citizen> >::~allocator() [65]
                0.00    0.00       1/1           __gnu_cxx::new_allocator<std::_List_node<Citizen> >::~new_allocator() [58]
-----------------------------------------------
                0.00    0.00       1/1           std::__cxx11::basic_string<char, std::char_traits<char>, std::allocator<char> >::basic_string<std::allocator<char> >(char const*, std::allocator<char> const&) [78]
[66]     0.0    0.00    0.00       1         std::char_traits<char>::length(char const*) [66]
-----------------------------------------------
                0.00    0.00       1/1           std::__cxx11::_List_base<Authenticate, std::allocator<Authenticate> >::_List_base() [70]
[67]     0.0    0.00    0.00       1         std::__cxx11::_List_base<Authenticate, std::allocator<Authenticate> >::_List_impl::_List_impl() [67]
                0.00    0.00       1/2           std::__detail::_List_node_header::_List_node_header() [50]
                0.00    0.00       1/1           std::allocator<std::_List_node<Authenticate> >::allocator() [62]
-----------------------------------------------
                0.00    0.00       1/1           std::__cxx11::_List_base<Authenticate, std::allocator<Authenticate> >::~_List_base() [71]
[68]     0.0    0.00    0.00       1         std::__cxx11::_List_base<Authenticate, std::allocator<Authenticate> >::_List_impl::~_List_impl() [68]
                0.00    0.00       1/1           std::allocator<std::_List_node<Authenticate> >::~allocator() [63]
-----------------------------------------------
                0.00    0.00       1/1           std::__cxx11::_List_base<Authenticate, std::allocator<Authenticate> >::~_List_base() [71]
[69]     0.0    0.00    0.00       1         std::__cxx11::_List_base<Authenticate, std::allocator<Authenticate> >::_M_clear() [69]
                0.00    0.00      10/40          std::_List_node<Authenticate>::_M_valptr() [10]
                0.00    0.00      10/20          std::__cxx11::_List_base<Authenticate, std::allocator<Authenticate> >::_M_get_Node_allocator() [15]
                0.00    0.00      10/10          void std::allocator_traits<std::allocator<std::_List_node<Authenticate> > >::destroy<Authenticate>(std::allocator<std::_List_node<Authenticate> >&, Authenticate*) [33]
                0.00    0.00      10/10          std::__cxx11::_List_base<Authenticate, std::allocator<Authenticate> >::_M_put_node(std::_List_node<Authenticate>*) [38]
-----------------------------------------------
                0.00    0.00       1/1           std::__cxx11::list<Authenticate, std::allocator<Authenticate> >::list() [80]
[70]     0.0    0.00    0.00       1         std::__cxx11::_List_base<Authenticate, std::allocator<Authenticate> >::_List_base() [70]
                0.00    0.00       1/1           std::__cxx11::_List_base<Authenticate, std::allocator<Authenticate> >::_List_impl::_List_impl() [67]
-----------------------------------------------
                0.00    0.00       1/1           std::__cxx11::list<Authenticate, std::allocator<Authenticate> >::~list() [380]
[71]     0.0    0.00    0.00       1         std::__cxx11::_List_base<Authenticate, std::allocator<Authenticate> >::~_List_base() [71]
                0.00    0.00       1/1           std::__cxx11::_List_base<Authenticate, std::allocator<Authenticate> >::_M_clear() [69]
                0.00    0.00       1/1           std::__cxx11::_List_base<Authenticate, std::allocator<Authenticate> >::_List_impl::~_List_impl() [68]
-----------------------------------------------
                0.00    0.00       1/1           std::__cxx11::_List_base<Citizen, std::allocator<Citizen> >::_List_base() [75]
[72]     0.0    0.00    0.00       1         std::__cxx11::_List_base<Citizen, std::allocator<Citizen> >::_List_impl::_List_impl() [72]
                0.00    0.00       1/1           std::allocator<std::_List_node<Citizen> >::allocator() [64]
                0.00    0.00       1/2           std::__detail::_List_node_header::_List_node_header() [50]
-----------------------------------------------
                0.00    0.00       1/1           std::__cxx11::_List_base<Citizen, std::allocator<Citizen> >::~_List_base() [76]
[73]     0.0    0.00    0.00       1         std::__cxx11::_List_base<Citizen, std::allocator<Citizen> >::_List_impl::~_List_impl() [73]
                0.00    0.00       1/1           std::allocator<std::_List_node<Citizen> >::~allocator() [65]
-----------------------------------------------
                0.00    0.00       1/1           std::__cxx11::_List_base<Citizen, std::allocator<Citizen> >::~_List_base() [76]
[74]     0.0    0.00    0.00       1         std::__cxx11::_List_base<Citizen, std::allocator<Citizen> >::_M_clear() [74]
-----------------------------------------------
                0.00    0.00       1/1           std::__cxx11::list<Citizen, std::allocator<Citizen> >::list() [81]
[75]     0.0    0.00    0.00       1         std::__cxx11::_List_base<Citizen, std::allocator<Citizen> >::_List_base() [75]
                0.00    0.00       1/1           std::__cxx11::_List_base<Citizen, std::allocator<Citizen> >::_List_impl::_List_impl() [72]
-----------------------------------------------
                0.00    0.00       1/1           std::__cxx11::list<Citizen, std::allocator<Citizen> >::~list() [391]
[76]     0.0    0.00    0.00       1         std::__cxx11::_List_base<Citizen, std::allocator<Citizen> >::~_List_base() [76]
                0.00    0.00       1/1           std::__cxx11::_List_base<Citizen, std::allocator<Citizen> >::_M_clear() [74]
                0.00    0.00       1/1           std::__cxx11::_List_base<Citizen, std::allocator<Citizen> >::_List_impl::~_List_impl() [73]
-----------------------------------------------
                0.00    0.00       1/1           std::__cxx11::basic_string<char, std::char_traits<char>, std::allocator<char> >::basic_string<std::allocator<char> >(char const*, std::allocator<char> const&) [78]
[77]     0.0    0.00    0.00       1         void std::__cxx11::basic_string<char, std::char_traits<char>, std::allocator<char> >::_M_construct<char const*>(char const*, char const*, std::forward_iterator_tag) [77]
                0.00    0.00       1/1           bool __gnu_cxx::__is_null_pointer<char const>(char const*) [59]
                0.00    0.00       1/1           std::iterator_traits<char const*>::difference_type std::distance<char const*>(char const*, char const*) [84]
-----------------------------------------------
                0.00    0.00       1/1           main [6]
[78]     0.0    0.00    0.00       1         std::__cxx11::basic_string<char, std::char_traits<char>, std::allocator<char> >::basic_string<std::allocator<char> >(char const*, std::allocator<char> const&) [78]
                0.00    0.00       1/1           std::char_traits<char>::length(char const*) [66]
                0.00    0.00       1/1           void std::__cxx11::basic_string<char, std::char_traits<char>, std::allocator<char> >::_M_construct<char const*>(char const*, char const*, std::forward_iterator_tag) [77]
-----------------------------------------------
                0.00    0.00       1/1           list_to_file() [52]
[79]     0.0    0.00    0.00       1         std::__cxx11::list<Authenticate, std::allocator<Authenticate> >::begin() [79]
                0.00    0.00       1/22          std::_List_iterator<Authenticate>::_List_iterator(std::__detail::_List_node_base*) [12]
-----------------------------------------------
                0.00    0.00       1/1           __static_initialization_and_destruction_0(int, int) [53]
[80]     0.0    0.00    0.00       1         std::__cxx11::list<Authenticate, std::allocator<Authenticate> >::list() [80]
                0.00    0.00       1/1           std::__cxx11::_List_base<Authenticate, std::allocator<Authenticate> >::_List_base() [70]
-----------------------------------------------
                0.00    0.00       1/1           __static_initialization_and_destruction_0(int, int) [53]
[81]     0.0    0.00    0.00       1         std::__cxx11::list<Citizen, std::allocator<Citizen> >::list() [81]
                0.00    0.00       1/1           std::__cxx11::_List_base<Citizen, std::allocator<Citizen> >::_List_base() [75]
-----------------------------------------------
                0.00    0.00       1/1           std::iterator_traits<char const*>::difference_type std::distance<char const*>(char const*, char const*) [84]
[82]     0.0    0.00    0.00       1         std::iterator_traits<char const*>::difference_type std::__distance<char const*>(char const*, char const*, std::random_access_iterator_tag) [82]
-----------------------------------------------
                0.00    0.00       1/1           std::iterator_traits<char const*>::difference_type std::distance<char const*>(char const*, char const*) [84]
[83]     0.0    0.00    0.00       1         std::iterator_traits<char const*>::iterator_category std::__iterator_category<char const*>(char const* const&) [83]
-----------------------------------------------
                0.00    0.00       1/1           void std::__cxx11::basic_string<char, std::char_traits<char>, std::allocator<char> >::_M_construct<char const*>(char const*, char const*, std::forward_iterator_tag) [77]
[84]     0.0    0.00    0.00       1         std::iterator_traits<char const*>::difference_type std::distance<char const*>(char const*, char const*) [84]
                0.00    0.00       1/1           std::iterator_traits<char const*>::iterator_category std::__iterator_category<char const*>(char const* const&) [83]
                0.00    0.00       1/1           std::iterator_traits<char const*>::difference_type std::__distance<char const*>(char const*, char const*, std::random_access_iterator_tag) [82]
-----------------------------------------------
                0.00    0.00       1/1           bool std::operator!=<char, std::char_traits<char>, std::allocator<char> >(std::__cxx11::basic_string<char, std::char_traits<char>, std::allocator<char> > const&, char const*) [86]
[85]     0.0    0.00    0.00       1         bool std::operator==<char, std::char_traits<char>, std::allocator<char> >(std::__cxx11::basic_string<char, std::char_traits<char>, std::allocator<char> > const&, char const*) [85]
-----------------------------------------------
                0.00    0.00       1/1           main [6]
[86]     0.0    0.00    0.00       1         bool std::operator!=<char, std::char_traits<char>, std::allocator<char> >(std::__cxx11::basic_string<char, std::char_traits<char>, std::allocator<char> > const&, char const*) [86]
                0.00    0.00       1/1           bool std::operator==<char, std::char_traits<char>, std::allocator<char> >(std::__cxx11::basic_string<char, std::char_traits<char>, std::allocator<char> > const&, char const*) [85]
-----------------------------------------------

Index by function name

  [51] file_to_list()         [63] std::allocator<std::_List_node<Authenticate> >::~allocator() [76] std::__cxx11::_List_base<Citizen, std::allocator<Citizen> >::~_List_base()
  [52] list_to_file()         [64] std::allocator<std::_List_node<Citizen> >::allocator() [77] void std::__cxx11::basic_string<char, std::char_traits<char>, std::allocator<char> >::_M_construct<char const*>(char const*, char const*, std::forward_iterator_tag)
  [53] __static_initialization_and_destruction_0(int, int) [65] std::allocator<std::_List_node<Citizen> >::~allocator() [78] std::__cxx11::basic_string<char, std::char_traits<char>, std::allocator<char> >::basic_string<std::allocator<char> >(char const*, std::allocator<char> const&)
  [18] Authenticate::get_admin_id[abi:cxx11]() [10] std::_List_node<Authenticate>::_M_valptr() [39] std::_List_node<Authenticate>* std::__cxx11::list<Authenticate, std::allocator<Authenticate> >::_M_create_node<Authenticate const&>(Authenticate const&)
  [19] Authenticate::get_password[abi:cxx11]() [66] std::char_traits<char>::length(char const*) [13] std::__cxx11::list<Authenticate, std::allocator<Authenticate> >::end()
  [20] Authenticate::put_admin_id(std::__cxx11::basic_string<char, std::char_traits<char>, std::allocator<char> >) [12] std::_List_iterator<Authenticate>::_List_iterator(std::__detail::_List_node_base*) [79] std::__cxx11::list<Authenticate, std::allocator<Authenticate> >::begin()
  [21] Authenticate::put_password(std::__cxx11::basic_string<char, std::char_traits<char>, std::allocator<char> >) [28] std::_List_iterator<Authenticate>::operator++(int) [40] void std::__cxx11::list<Authenticate, std::allocator<Authenticate> >::_M_insert<Authenticate const&>(std::_List_iterator<Authenticate>, Authenticate const&)
  [22] Authenticate::Authenticate(Authenticate const&) [29] std::__allocated_ptr<std::allocator<std::_List_node<Authenticate> > >::__allocated_ptr(std::allocator<std::_List_node<Authenticate> >&, std::_List_node<Authenticate>*) [41] std::__cxx11::list<Authenticate, std::allocator<Authenticate> >::push_back(Authenticate const&)
  [54] Authenticate::Authenticate() [30] std::__allocated_ptr<std::allocator<std::_List_node<Authenticate> > >::~__allocated_ptr() [80] std::__cxx11::list<Authenticate, std::allocator<Authenticate> >::list()
  [16] Authenticate::~Authenticate() [31] std::__allocated_ptr<std::allocator<std::_List_node<Authenticate> > >::operator=(decltype(nullptr)) [81] std::__cxx11::list<Citizen, std::allocator<Citizen> >::list()
  [23] __gnu_cxx::new_allocator<std::_List_node<Authenticate> >::deallocate(std::_List_node<Authenticate>*, unsigned long) [32] std::allocator_traits<std::allocator<std::_List_node<Authenticate> > >::deallocate(std::allocator<std::_List_node<Authenticate> >&, std::_List_node<Authenticate>*, unsigned long) [45] std::__cxx11::stoi(std::__cxx11::basic_string<char, std::char_traits<char>, std::allocator<char> > const&, unsigned long*, int)
  [24] void __gnu_cxx::new_allocator<std::_List_node<Authenticate> >::destroy<Authenticate>(Authenticate*) [33] void std::allocator_traits<std::allocator<std::_List_node<Authenticate> > >::destroy<Authenticate>(std::allocator<std::_List_node<Authenticate> >&, Authenticate*) [49] std::__detail::_List_node_header::_M_init()
  [25] __gnu_cxx::new_allocator<std::_List_node<Authenticate> >::allocate(unsigned long, void const*) [34] std::allocator_traits<std::allocator<std::_List_node<Authenticate> > >::allocate(std::allocator<std::_List_node<Authenticate> >&, unsigned long) [50] std::__detail::_List_node_header::_List_node_header()
  [26] void __gnu_cxx::new_allocator<std::_List_node<Authenticate> >::construct<Authenticate, Authenticate const&>(Authenticate*, Authenticate const&) [35] void std::allocator_traits<std::allocator<std::_List_node<Authenticate> > >::construct<Authenticate, Authenticate const&>(std::allocator<std::_List_node<Authenticate> >&, Authenticate*, Authenticate const&) [82] std::iterator_traits<char const*>::difference_type std::__distance<char const*>(char const*, char const*, std::random_access_iterator_tag)
  [55] __gnu_cxx::new_allocator<std::_List_node<Authenticate> >::new_allocator() [67] std::__cxx11::_List_base<Authenticate, std::allocator<Authenticate> >::_List_impl::_List_impl() [42] std::allocator<std::_List_node<Authenticate> >* std::__addressof<std::allocator<std::_List_node<Authenticate> > >(std::allocator<std::_List_node<Authenticate> >&)
  [56] __gnu_cxx::new_allocator<std::_List_node<Authenticate> >::~new_allocator() [68] std::__cxx11::_List_base<Authenticate, std::allocator<Authenticate> >::_List_impl::~_List_impl() [83] std::iterator_traits<char const*>::iterator_category std::__iterator_category<char const*>(char const* const&)
  [57] __gnu_cxx::new_allocator<std::_List_node<Citizen> >::new_allocator() [36] std::__cxx11::_List_base<Authenticate, std::allocator<Authenticate> >::_M_get_node() [11] Authenticate const& std::forward<Authenticate const&>(std::remove_reference<Authenticate const&>::type&)
  [58] __gnu_cxx::new_allocator<std::_List_node<Citizen> >::~new_allocator() [37] std::__cxx11::_List_base<Authenticate, std::allocator<Authenticate> >::_M_inc_size(unsigned long) [84] std::iterator_traits<char const*>::difference_type std::distance<char const*>(char const*, char const*)
   [8] __gnu_cxx::__aligned_membuf<Authenticate>::_M_ptr() [38] std::__cxx11::_List_base<Authenticate, std::allocator<Authenticate> >::_M_put_node(std::_List_node<Authenticate>*) [85] bool std::operator==<char, std::char_traits<char>, std::allocator<char> >(std::__cxx11::basic_string<char, std::char_traits<char>, std::allocator<char> > const&, char const*)
   [9] __gnu_cxx::__aligned_membuf<Authenticate>::_M_addr() [15] std::__cxx11::_List_base<Authenticate, std::allocator<Authenticate> >::_M_get_Node_allocator() [86] bool std::operator!=<char, std::char_traits<char>, std::allocator<char> >(std::__cxx11::basic_string<char, std::char_traits<char>, std::allocator<char> > const&, char const*)
  [59] bool __gnu_cxx::__is_null_pointer<char const>(char const*) [69] std::__cxx11::_List_base<Authenticate, std::allocator<Authenticate> >::_M_clear() [17] std::operator!=(std::_List_iterator<Authenticate> const&, std::_List_iterator<Authenticate> const&)
  [44] int __gnu_cxx::__stoa<long, int, char, int>(long (*)(char const*, char**, int), char const*, char const*, unsigned long*, int) [70] std::__cxx11::_List_base<Authenticate, std::allocator<Authenticate> >::_List_base() [46] __gnu_cxx::__stoa<long, int, char, int>(long (*)(char const*, char**, int), char const*, char const*, unsigned long*, int)::_Range_chk::_S_chk(long, std::integral_constant<bool, true>)
  [27] __gnu_cxx::new_allocator<std::_List_node<Authenticate> >::_M_max_size() const [71] std::__cxx11::_List_base<Authenticate, std::allocator<Authenticate> >::~_List_base() [47] __gnu_cxx::__stoa<long, int, char, int>(long (*)(char const*, char**, int), char const*, char const*, unsigned long*, int)::_Save_errno::_Save_errno()
  [14] std::_List_iterator<Authenticate>::operator->() const [72] std::__cxx11::_List_base<Citizen, std::allocator<Citizen> >::_List_impl::_List_impl() [48] __gnu_cxx::__stoa<long, int, char, int>(long (*)(char const*, char**, int), char const*, char const*, unsigned long*, int)::_Save_errno::~_Save_errno()
  [60] std::__cxx11::list<Authenticate, std::allocator<Authenticate> >::empty() const [73] std::__cxx11::_List_base<Citizen, std::allocator<Citizen> >::_List_impl::~_List_impl() [43] operator new(unsigned long, void*)
  [61] std::__cxx11::list<Citizen, std::allocator<Citizen> >::empty() const [74] std::__cxx11::_List_base<Citizen, std::allocator<Citizen> >::_M_clear()
  [62] std::allocator<std::_List_node<Authenticate> >::allocator() [75] std::__cxx11::_List_base<Citizen, std::allocator<Citizen> >::_List_base()
